
> frontend@0.1.0 start
> react-scripts start

(node:152659) [DEP_WEBPACK_DEV_SERVER_ON_AFTER_SETUP_MIDDLEWARE] DeprecationWarning: 'onAfterSetupMiddleware' option is deprecated. Please use the 'setupMiddlewares' option.
(Use `node --trace-deprecation ...` to show where the warning was created)
(node:152659) [DEP_WEBPACK_DEV_SERVER_ON_BEFORE_SETUP_MIDDLEWARE] DeprecationWarning: 'onBeforeSetupMiddleware' option is deprecated. Please use the 'setupMiddlewares' option.
Starting the development server...

Compiled with warnings.

[eslint] 
src/components/BookingForm.tsx
  Line 127:6:  React Hook useEffect has a missing dependency: 'updatePricing'. Either include it or remove the dependency array  react-hooks/exhaustive-deps

src/components/BookingList.tsx
  Line 2:34:   'volunteerAPI' is defined but never used  @typescript-eslint/no-unused-vars
  Line 48:11:  'Volunteer' is defined but never used     @typescript-eslint/no-unused-vars

src/components/Dashboard.tsx
  Line 76:66:  Expected '===' and instead saw '=='  eqeqeq
  Line 77:66:  Expected '===' and instead saw '=='  eqeqeq

src/components/ExportData.tsx
  Line 21:6:    React Hook useEffect has a missing dependency: 'availableColumns'. Either include it or remove the dependency array  react-hooks/exhaustive-deps
  Line 294:15:  'amountReceived' is assigned a value but never used                                                                  @typescript-eslint/no-unused-vars

src/components/GoogleSheetsIntegration.tsx
  Line 6:10:   'sheetsUrl' is assigned a value but never used   @typescript-eslint/no-unused-vars
  Line 80:11:  'encodedCsv' is assigned a value but never used  @typescript-eslint/no-unused-vars

src/components/LivePassengerList.tsx
  Line 33:10:  'deleteLoading' is assigned a value but never used                                                               @typescript-eslint/no-unused-vars
  Line 33:25:  'setDeleteLoading' is assigned a value but never used                                                            @typescript-eslint/no-unused-vars
  Line 52:6:   React Hook useEffect has a missing dependency: 'applyFilters'. Either include it or remove the dependency array  react-hooks/exhaustive-deps

src/components/PassengerList.tsx
  Line 37:10:  'pickupPoints' is assigned a value but never used  @typescript-eslint/no-unused-vars

src/components/SeatAllocation.tsx
  Line 48:10:  'journeys' is assigned a value but never used                                                                 @typescript-eslint/no-unused-vars
  Line 57:6:   React Hook useEffect has a missing dependency: 'fetchData'. Either include it or remove the dependency array  react-hooks/exhaustive-deps

Search for the keywords to learn more about each warning.
To ignore, add // eslint-disable-next-line to the line before.

WARNING in [eslint] 
src/components/BookingForm.tsx
  Line 127:6:  React Hook useEffect has a missing dependency: 'updatePricing'. Either include it or remove the dependency array  react-hooks/exhaustive-deps

src/components/BookingList.tsx
  Line 2:34:   'volunteerAPI' is defined but never used  @typescript-eslint/no-unused-vars
  Line 48:11:  'Volunteer' is defined but never used     @typescript-eslint/no-unused-vars

src/components/Dashboard.tsx
  Line 76:66:  Expected '===' and instead saw '=='  eqeqeq
  Line 77:66:  Expected '===' and instead saw '=='  eqeqeq

src/components/ExportData.tsx
  Line 21:6:    React Hook useEffect has a missing dependency: 'availableColumns'. Either include it or remove the dependency array  react-hooks/exhaustive-deps
  Line 294:15:  'amountReceived' is assigned a value but never used                                                                  @typescript-eslint/no-unused-vars

src/components/GoogleSheetsIntegration.tsx
  Line 6:10:   'sheetsUrl' is assigned a value but never used   @typescript-eslint/no-unused-vars
  Line 80:11:  'encodedCsv' is assigned a value but never used  @typescript-eslint/no-unused-vars

src/components/LivePassengerList.tsx
  Line 33:10:  'deleteLoading' is assigned a value but never used                                                               @typescript-eslint/no-unused-vars
  Line 33:25:  'setDeleteLoading' is assigned a value but never used                                                            @typescript-eslint/no-unused-vars
  Line 52:6:   React Hook useEffect has a missing dependency: 'applyFilters'. Either include it or remove the dependency array  react-hooks/exhaustive-deps

src/components/PassengerList.tsx
  Line 37:10:  'pickupPoints' is assigned a value but never used  @typescript-eslint/no-unused-vars

src/components/SeatAllocation.tsx
  Line 48:10:  'journeys' is assigned a value but never used                                                                 @typescript-eslint/no-unused-vars
  Line 57:6:   React Hook useEffect has a missing dependency: 'fetchData'. Either include it or remove the dependency array  react-hooks/exhaustive-deps

webpack compiled with 1 warning
No issues found.
Compiling...
Compiled with warnings.

[eslint] 
src/components/BookingForm.tsx
  Line 127:6:  React Hook useEffect has a missing dependency: 'updatePricing'. Either include it or remove the dependency array  react-hooks/exhaustive-deps

src/components/BookingList.tsx
  Line 2:34:   'volunteerAPI' is defined but never used  @typescript-eslint/no-unused-vars
  Line 48:11:  'Volunteer' is defined but never used     @typescript-eslint/no-unused-vars

src/components/Dashboard.tsx
  Line 76:66:  Expected '===' and instead saw '=='  eqeqeq
  Line 77:66:  Expected '===' and instead saw '=='  eqeqeq

src/components/ExportData.tsx
  Line 21:6:    React Hook useEffect has a missing dependency: 'availableColumns'. Either include it or remove the dependency array  react-hooks/exhaustive-deps
  Line 294:15:  'amountReceived' is assigned a value but never used                                                                  @typescript-eslint/no-unused-vars

src/components/GoogleSheetsIntegration.tsx
  Line 6:10:   'sheetsUrl' is assigned a value but never used   @typescript-eslint/no-unused-vars
  Line 80:11:  'encodedCsv' is assigned a value but never used  @typescript-eslint/no-unused-vars

src/components/LivePassengerList.tsx
  Line 33:10:  'deleteLoading' is assigned a value but never used                                                               @typescript-eslint/no-unused-vars
  Line 33:25:  'setDeleteLoading' is assigned a value but never used                                                            @typescript-eslint/no-unused-vars
  Line 52:6:   React Hook useEffect has a missing dependency: 'applyFilters'. Either include it or remove the dependency array  react-hooks/exhaustive-deps

src/components/PassengerList.tsx
  Line 37:10:  'pickupPoints' is assigned a value but never used  @typescript-eslint/no-unused-vars

src/components/SeatAllocation.tsx
  Line 48:10:  'journeys' is assigned a value but never used                                                                 @typescript-eslint/no-unused-vars
  Line 57:6:   React Hook useEffect has a missing dependency: 'fetchData'. Either include it or remove the dependency array  react-hooks/exhaustive-deps

Search for the keywords to learn more about each warning.
To ignore, add // eslint-disable-next-line to the line before.

WARNING in [eslint] 
src/components/BookingForm.tsx
  Line 127:6:  React Hook useEffect has a missing dependency: 'updatePricing'. Either include it or remove the dependency array  react-hooks/exhaustive-deps

src/components/BookingList.tsx
  Line 2:34:   'volunteerAPI' is defined but never used  @typescript-eslint/no-unused-vars
  Line 48:11:  'Volunteer' is defined but never used     @typescript-eslint/no-unused-vars

src/components/Dashboard.tsx
  Line 76:66:  Expected '===' and instead saw '=='  eqeqeq
  Line 77:66:  Expected '===' and instead saw '=='  eqeqeq

src/components/ExportData.tsx
  Line 21:6:    React Hook useEffect has a missing dependency: 'availableColumns'. Either include it or remove the dependency array  react-hooks/exhaustive-deps
  Line 294:15:  'amountReceived' is assigned a value but never used                                                                  @typescript-eslint/no-unused-vars

src/components/GoogleSheetsIntegration.tsx
  Line 6:10:   'sheetsUrl' is assigned a value but never used   @typescript-eslint/no-unused-vars
  Line 80:11:  'encodedCsv' is assigned a value but never used  @typescript-eslint/no-unused-vars

src/components/LivePassengerList.tsx
  Line 33:10:  'deleteLoading' is assigned a value but never used                                                               @typescript-eslint/no-unused-vars
  Line 33:25:  'setDeleteLoading' is assigned a value but never used                                                            @typescript-eslint/no-unused-vars
  Line 52:6:   React Hook useEffect has a missing dependency: 'applyFilters'. Either include it or remove the dependency array  react-hooks/exhaustive-deps

src/components/PassengerList.tsx
  Line 37:10:  'pickupPoints' is assigned a value but never used  @typescript-eslint/no-unused-vars

src/components/SeatAllocation.tsx
  Line 48:10:  'journeys' is assigned a value but never used                                                                 @typescript-eslint/no-unused-vars
  Line 57:6:   React Hook useEffect has a missing dependency: 'fetchData'. Either include it or remove the dependency array  react-hooks/exhaustive-deps

webpack compiled with 1 warning
ERROR in src/App.tsx:247:13
TS2322: Type '{ passengerId: number | null; onSuccess: () => void; }' is not assignable to type 'IntrinsicAttributes & PassengerFormProps'.
  Property 'passengerId' does not exist on type 'IntrinsicAttributes & PassengerFormProps'.
    245 |         {activeTab === 'add' && (
    246 |           <PassengerForm
  > 247 |             passengerId={selectedPassengerId}
        |             ^^^^^^^^^^^
    248 |             onSuccess={() => {
    249 |               setActiveTab('list');
    250 |               setSelectedPassengerId(null);

ERROR in src/App.tsx:264:50
TS2322: Type '{ initialPassengerId: number | null; }' is not assignable to type 'IntrinsicAttributes'.
  Property 'initialPassengerId' does not exist on type 'IntrinsicAttributes'.
    262 |         )}
    263 |         {activeTab === 'live-list' && <LivePassengerList />}
  > 264 |         {activeTab === 'booking' && <BookingForm initialPassengerId={selectedPassengerId} />}
        |                                                  ^^^^^^^^^^^^^^^^^^
    265 |         {activeTab === 'bookings' && <BookingList />}
    266 |         {activeTab === 'seats' && <SeatAllocation />}
    267 |         {activeTab === 'export' && <ExportData />}

Compiling...
Compiled with warnings.

[eslint] 
src/components/BookingForm.tsx
  Line 127:6:  React Hook useEffect has a missing dependency: 'updatePricing'. Either include it or remove the dependency array  react-hooks/exhaustive-deps

src/components/BookingList.tsx
  Line 2:34:   'volunteerAPI' is defined but never used  @typescript-eslint/no-unused-vars
  Line 48:11:  'Volunteer' is defined but never used     @typescript-eslint/no-unused-vars

src/components/Dashboard.tsx
  Line 76:66:  Expected '===' and instead saw '=='  eqeqeq
  Line 77:66:  Expected '===' and instead saw '=='  eqeqeq

src/components/ExportData.tsx
  Line 21:6:    React Hook useEffect has a missing dependency: 'availableColumns'. Either include it or remove the dependency array  react-hooks/exhaustive-deps
  Line 294:15:  'amountReceived' is assigned a value but never used                                                                  @typescript-eslint/no-unused-vars

src/components/GoogleSheetsIntegration.tsx
  Line 6:10:   'sheetsUrl' is assigned a value but never used   @typescript-eslint/no-unused-vars
  Line 80:11:  'encodedCsv' is assigned a value but never used  @typescript-eslint/no-unused-vars

src/components/LivePassengerList.tsx
  Line 33:10:  'deleteLoading' is assigned a value but never used                                                               @typescript-eslint/no-unused-vars
  Line 33:25:  'setDeleteLoading' is assigned a value but never used                                                            @typescript-eslint/no-unused-vars
  Line 52:6:   React Hook useEffect has a missing dependency: 'applyFilters'. Either include it or remove the dependency array  react-hooks/exhaustive-deps

src/components/PassengerList.tsx
  Line 37:10:  'pickupPoints' is assigned a value but never used  @typescript-eslint/no-unused-vars

src/components/SeatAllocation.tsx
  Line 48:10:  'journeys' is assigned a value but never used                                                                 @typescript-eslint/no-unused-vars
  Line 57:6:   React Hook useEffect has a missing dependency: 'fetchData'. Either include it or remove the dependency array  react-hooks/exhaustive-deps

Search for the keywords to learn more about each warning.
To ignore, add // eslint-disable-next-line to the line before.

WARNING in [eslint] 
src/components/BookingForm.tsx
  Line 127:6:  React Hook useEffect has a missing dependency: 'updatePricing'. Either include it or remove the dependency array  react-hooks/exhaustive-deps

src/components/BookingList.tsx
  Line 2:34:   'volunteerAPI' is defined but never used  @typescript-eslint/no-unused-vars
  Line 48:11:  'Volunteer' is defined but never used     @typescript-eslint/no-unused-vars

src/components/Dashboard.tsx
  Line 76:66:  Expected '===' and instead saw '=='  eqeqeq
  Line 77:66:  Expected '===' and instead saw '=='  eqeqeq

src/components/ExportData.tsx
  Line 21:6:    React Hook useEffect has a missing dependency: 'availableColumns'. Either include it or remove the dependency array  react-hooks/exhaustive-deps
  Line 294:15:  'amountReceived' is assigned a value but never used                                                                  @typescript-eslint/no-unused-vars

src/components/GoogleSheetsIntegration.tsx
  Line 6:10:   'sheetsUrl' is assigned a value but never used   @typescript-eslint/no-unused-vars
  Line 80:11:  'encodedCsv' is assigned a value but never used  @typescript-eslint/no-unused-vars

src/components/LivePassengerList.tsx
  Line 33:10:  'deleteLoading' is assigned a value but never used                                                               @typescript-eslint/no-unused-vars
  Line 33:25:  'setDeleteLoading' is assigned a value but never used                                                            @typescript-eslint/no-unused-vars
  Line 52:6:   React Hook useEffect has a missing dependency: 'applyFilters'. Either include it or remove the dependency array  react-hooks/exhaustive-deps

src/components/PassengerList.tsx
  Line 37:10:  'pickupPoints' is assigned a value but never used  @typescript-eslint/no-unused-vars

src/components/SeatAllocation.tsx
  Line 48:10:  'journeys' is assigned a value but never used                                                                 @typescript-eslint/no-unused-vars
  Line 57:6:   React Hook useEffect has a missing dependency: 'fetchData'. Either include it or remove the dependency array  react-hooks/exhaustive-deps

webpack compiled with 1 warning
ERROR in src/App.tsx:247:13
TS2322: Type '{ passengerId: number | null; onSuccess: () => void; }' is not assignable to type 'IntrinsicAttributes & PassengerFormProps'.
  Property 'passengerId' does not exist on type 'IntrinsicAttributes & PassengerFormProps'.
    245 |         {activeTab === 'add' && (
    246 |           <PassengerForm
  > 247 |             passengerId={selectedPassengerId}
        |             ^^^^^^^^^^^
    248 |             onSuccess={() => {
    249 |               setActiveTab('list');
    250 |               setSelectedPassengerId(null);

ERROR in src/App.tsx:264:50
TS2322: Type '{ initialPassengerId: number | null; }' is not assignable to type 'IntrinsicAttributes'.
  Property 'initialPassengerId' does not exist on type 'IntrinsicAttributes'.
    262 |         )}
    263 |         {activeTab === 'live-list' && <LivePassengerList />}
  > 264 |         {activeTab === 'booking' && <BookingForm initialPassengerId={selectedPassengerId} />}
        |                                                  ^^^^^^^^^^^^^^^^^^
    265 |         {activeTab === 'bookings' && <BookingList />}
    266 |         {activeTab === 'seats' && <SeatAllocation />}
    267 |         {activeTab === 'export' && <ExportData />}

Compiling...
Compiled with warnings.

[eslint] 
src/components/BookingForm.tsx
  Line 131:6:  React Hook useEffect has a missing dependency: 'updatePricing'. Either include it or remove the dependency array  react-hooks/exhaustive-deps

src/components/BookingList.tsx
  Line 2:34:   'volunteerAPI' is defined but never used  @typescript-eslint/no-unused-vars
  Line 48:11:  'Volunteer' is defined but never used     @typescript-eslint/no-unused-vars

src/components/Dashboard.tsx
  Line 76:66:  Expected '===' and instead saw '=='  eqeqeq
  Line 77:66:  Expected '===' and instead saw '=='  eqeqeq

src/components/ExportData.tsx
  Line 21:6:    React Hook useEffect has a missing dependency: 'availableColumns'. Either include it or remove the dependency array  react-hooks/exhaustive-deps
  Line 294:15:  'amountReceived' is assigned a value but never used                                                                  @typescript-eslint/no-unused-vars

src/components/GoogleSheetsIntegration.tsx
  Line 6:10:   'sheetsUrl' is assigned a value but never used   @typescript-eslint/no-unused-vars
  Line 80:11:  'encodedCsv' is assigned a value but never used  @typescript-eslint/no-unused-vars

src/components/LivePassengerList.tsx
  Line 33:10:  'deleteLoading' is assigned a value but never used                                                               @typescript-eslint/no-unused-vars
  Line 33:25:  'setDeleteLoading' is assigned a value but never used                                                            @typescript-eslint/no-unused-vars
  Line 52:6:   React Hook useEffect has a missing dependency: 'applyFilters'. Either include it or remove the dependency array  react-hooks/exhaustive-deps

src/components/PassengerList.tsx
  Line 37:10:  'pickupPoints' is assigned a value but never used  @typescript-eslint/no-unused-vars

src/components/SeatAllocation.tsx
  Line 48:10:  'journeys' is assigned a value but never used                                                                 @typescript-eslint/no-unused-vars
  Line 57:6:   React Hook useEffect has a missing dependency: 'fetchData'. Either include it or remove the dependency array  react-hooks/exhaustive-deps

Search for the keywords to learn more about each warning.
To ignore, add // eslint-disable-next-line to the line before.

WARNING in [eslint] 
src/components/BookingForm.tsx
  Line 131:6:  React Hook useEffect has a missing dependency: 'updatePricing'. Either include it or remove the dependency array  react-hooks/exhaustive-deps

src/components/BookingList.tsx
  Line 2:34:   'volunteerAPI' is defined but never used  @typescript-eslint/no-unused-vars
  Line 48:11:  'Volunteer' is defined but never used     @typescript-eslint/no-unused-vars

src/components/Dashboard.tsx
  Line 76:66:  Expected '===' and instead saw '=='  eqeqeq
  Line 77:66:  Expected '===' and instead saw '=='  eqeqeq

src/components/ExportData.tsx
  Line 21:6:    React Hook useEffect has a missing dependency: 'availableColumns'. Either include it or remove the dependency array  react-hooks/exhaustive-deps
  Line 294:15:  'amountReceived' is assigned a value but never used                                                                  @typescript-eslint/no-unused-vars

src/components/GoogleSheetsIntegration.tsx
  Line 6:10:   'sheetsUrl' is assigned a value but never used   @typescript-eslint/no-unused-vars
  Line 80:11:  'encodedCsv' is assigned a value but never used  @typescript-eslint/no-unused-vars

src/components/LivePassengerList.tsx
  Line 33:10:  'deleteLoading' is assigned a value but never used                                                               @typescript-eslint/no-unused-vars
  Line 33:25:  'setDeleteLoading' is assigned a value but never used                                                            @typescript-eslint/no-unused-vars
  Line 52:6:   React Hook useEffect has a missing dependency: 'applyFilters'. Either include it or remove the dependency array  react-hooks/exhaustive-deps

src/components/PassengerList.tsx
  Line 37:10:  'pickupPoints' is assigned a value but never used  @typescript-eslint/no-unused-vars

src/components/SeatAllocation.tsx
  Line 48:10:  'journeys' is assigned a value but never used                                                                 @typescript-eslint/no-unused-vars
  Line 57:6:   React Hook useEffect has a missing dependency: 'fetchData'. Either include it or remove the dependency array  react-hooks/exhaustive-deps

webpack compiled with 1 warning
ERROR in src/App.tsx:247:13
TS2322: Type '{ passengerId: number | null; onSuccess: () => void; }' is not assignable to type 'IntrinsicAttributes & PassengerFormProps'.
  Property 'passengerId' does not exist on type 'IntrinsicAttributes & PassengerFormProps'.
    245 |         {activeTab === 'add' && (
    246 |           <PassengerForm
  > 247 |             passengerId={selectedPassengerId}
        |             ^^^^^^^^^^^
    248 |             onSuccess={() => {
    249 |               setActiveTab('list');
    250 |               setSelectedPassengerId(null);

Compiling...
Compiled with warnings.

[eslint] 
src/components/BookingForm.tsx
  Line 131:6:  React Hook useEffect has a missing dependency: 'updatePricing'. Either include it or remove the dependency array  react-hooks/exhaustive-deps

src/components/BookingList.tsx
  Line 2:34:   'volunteerAPI' is defined but never used  @typescript-eslint/no-unused-vars
  Line 48:11:  'Volunteer' is defined but never used     @typescript-eslint/no-unused-vars

src/components/Dashboard.tsx
  Line 76:66:  Expected '===' and instead saw '=='  eqeqeq
  Line 77:66:  Expected '===' and instead saw '=='  eqeqeq

src/components/ExportData.tsx
  Line 21:6:    React Hook useEffect has a missing dependency: 'availableColumns'. Either include it or remove the dependency array  react-hooks/exhaustive-deps
  Line 294:15:  'amountReceived' is assigned a value but never used                                                                  @typescript-eslint/no-unused-vars

src/components/GoogleSheetsIntegration.tsx
  Line 6:10:   'sheetsUrl' is assigned a value but never used   @typescript-eslint/no-unused-vars
  Line 80:11:  'encodedCsv' is assigned a value but never used  @typescript-eslint/no-unused-vars

src/components/LivePassengerList.tsx
  Line 33:10:  'deleteLoading' is assigned a value but never used                                                               @typescript-eslint/no-unused-vars
  Line 33:25:  'setDeleteLoading' is assigned a value but never used                                                            @typescript-eslint/no-unused-vars
  Line 52:6:   React Hook useEffect has a missing dependency: 'applyFilters'. Either include it or remove the dependency array  react-hooks/exhaustive-deps

src/components/PassengerList.tsx
  Line 37:10:  'pickupPoints' is assigned a value but never used  @typescript-eslint/no-unused-vars

src/components/SeatAllocation.tsx
  Line 48:10:  'journeys' is assigned a value but never used                                                                 @typescript-eslint/no-unused-vars
  Line 57:6:   React Hook useEffect has a missing dependency: 'fetchData'. Either include it or remove the dependency array  react-hooks/exhaustive-deps

Search for the keywords to learn more about each warning.
To ignore, add // eslint-disable-next-line to the line before.

WARNING in [eslint] 
src/components/BookingForm.tsx
  Line 131:6:  React Hook useEffect has a missing dependency: 'updatePricing'. Either include it or remove the dependency array  react-hooks/exhaustive-deps

src/components/BookingList.tsx
  Line 2:34:   'volunteerAPI' is defined but never used  @typescript-eslint/no-unused-vars
  Line 48:11:  'Volunteer' is defined but never used     @typescript-eslint/no-unused-vars

src/components/Dashboard.tsx
  Line 76:66:  Expected '===' and instead saw '=='  eqeqeq
  Line 77:66:  Expected '===' and instead saw '=='  eqeqeq

src/components/ExportData.tsx
  Line 21:6:    React Hook useEffect has a missing dependency: 'availableColumns'. Either include it or remove the dependency array  react-hooks/exhaustive-deps
  Line 294:15:  'amountReceived' is assigned a value but never used                                                                  @typescript-eslint/no-unused-vars

src/components/GoogleSheetsIntegration.tsx
  Line 6:10:   'sheetsUrl' is assigned a value but never used   @typescript-eslint/no-unused-vars
  Line 80:11:  'encodedCsv' is assigned a value but never used  @typescript-eslint/no-unused-vars

src/components/LivePassengerList.tsx
  Line 33:10:  'deleteLoading' is assigned a value but never used                                                               @typescript-eslint/no-unused-vars
  Line 33:25:  'setDeleteLoading' is assigned a value but never used                                                            @typescript-eslint/no-unused-vars
  Line 52:6:   React Hook useEffect has a missing dependency: 'applyFilters'. Either include it or remove the dependency array  react-hooks/exhaustive-deps

src/components/PassengerList.tsx
  Line 37:10:  'pickupPoints' is assigned a value but never used  @typescript-eslint/no-unused-vars

src/components/SeatAllocation.tsx
  Line 48:10:  'journeys' is assigned a value but never used                                                                 @typescript-eslint/no-unused-vars
  Line 57:6:   React Hook useEffect has a missing dependency: 'fetchData'. Either include it or remove the dependency array  react-hooks/exhaustive-deps

webpack compiled with 1 warning
No issues found.
Compiling...
Compiled with warnings.

[eslint] 
src/components/BookingForm.tsx
  Line 131:6:  React Hook useEffect has a missing dependency: 'updatePricing'. Either include it or remove the dependency array  react-hooks/exhaustive-deps

src/components/BookingList.tsx
  Line 2:34:   'volunteerAPI' is defined but never used  @typescript-eslint/no-unused-vars
  Line 48:11:  'Volunteer' is defined but never used     @typescript-eslint/no-unused-vars

src/components/Dashboard.tsx
  Line 76:66:  Expected '===' and instead saw '=='  eqeqeq
  Line 77:66:  Expected '===' and instead saw '=='  eqeqeq

src/components/ExportData.tsx
  Line 21:6:    React Hook useEffect has a missing dependency: 'availableColumns'. Either include it or remove the dependency array  react-hooks/exhaustive-deps
  Line 294:15:  'amountReceived' is assigned a value but never used                                                                  @typescript-eslint/no-unused-vars

src/components/GoogleSheetsIntegration.tsx
  Line 6:10:   'sheetsUrl' is assigned a value but never used   @typescript-eslint/no-unused-vars
  Line 80:11:  'encodedCsv' is assigned a value but never used  @typescript-eslint/no-unused-vars

src/components/LivePassengerList.tsx
  Line 33:10:  'deleteLoading' is assigned a value but never used                                                               @typescript-eslint/no-unused-vars
  Line 33:25:  'setDeleteLoading' is assigned a value but never used                                                            @typescript-eslint/no-unused-vars
  Line 52:6:   React Hook useEffect has a missing dependency: 'applyFilters'. Either include it or remove the dependency array  react-hooks/exhaustive-deps

src/components/PassengerList.tsx
  Line 37:10:  'pickupPoints' is assigned a value but never used  @typescript-eslint/no-unused-vars

src/components/SeatAllocation.tsx
  Line 48:10:  'journeys' is assigned a value but never used                                                                 @typescript-eslint/no-unused-vars
  Line 57:6:   React Hook useEffect has a missing dependency: 'fetchData'. Either include it or remove the dependency array  react-hooks/exhaustive-deps

Search for the keywords to learn more about each warning.
To ignore, add // eslint-disable-next-line to the line before.

WARNING in [eslint] 
src/components/BookingForm.tsx
  Line 131:6:  React Hook useEffect has a missing dependency: 'updatePricing'. Either include it or remove the dependency array  react-hooks/exhaustive-deps

src/components/BookingList.tsx
  Line 2:34:   'volunteerAPI' is defined but never used  @typescript-eslint/no-unused-vars
  Line 48:11:  'Volunteer' is defined but never used     @typescript-eslint/no-unused-vars

src/components/Dashboard.tsx
  Line 76:66:  Expected '===' and instead saw '=='  eqeqeq
  Line 77:66:  Expected '===' and instead saw '=='  eqeqeq

src/components/ExportData.tsx
  Line 21:6:    React Hook useEffect has a missing dependency: 'availableColumns'. Either include it or remove the dependency array  react-hooks/exhaustive-deps
  Line 294:15:  'amountReceived' is assigned a value but never used                                                                  @typescript-eslint/no-unused-vars

src/components/GoogleSheetsIntegration.tsx
  Line 6:10:   'sheetsUrl' is assigned a value but never used   @typescript-eslint/no-unused-vars
  Line 80:11:  'encodedCsv' is assigned a value but never used  @typescript-eslint/no-unused-vars

src/components/LivePassengerList.tsx
  Line 33:10:  'deleteLoading' is assigned a value but never used                                                               @typescript-eslint/no-unused-vars
  Line 33:25:  'setDeleteLoading' is assigned a value but never used                                                            @typescript-eslint/no-unused-vars
  Line 52:6:   React Hook useEffect has a missing dependency: 'applyFilters'. Either include it or remove the dependency array  react-hooks/exhaustive-deps

src/components/PassengerList.tsx
  Line 37:10:  'pickupPoints' is assigned a value but never used  @typescript-eslint/no-unused-vars

src/components/SeatAllocation.tsx
  Line 48:10:  'journeys' is assigned a value but never used                                                                 @typescript-eslint/no-unused-vars
  Line 57:6:   React Hook useEffect has a missing dependency: 'fetchData'. Either include it or remove the dependency array  react-hooks/exhaustive-deps

webpack compiled with 1 warning
No issues found.
Compiling...
Compiled with warnings.

[eslint] 
src/components/BookingForm.tsx
  Line 131:6:  React Hook useEffect has a missing dependency: 'updatePricing'. Either include it or remove the dependency array  react-hooks/exhaustive-deps

src/components/BookingList.tsx
  Line 2:34:   'volunteerAPI' is defined but never used  @typescript-eslint/no-unused-vars
  Line 48:11:  'Volunteer' is defined but never used     @typescript-eslint/no-unused-vars

src/components/Dashboard.tsx
  Line 76:66:  Expected '===' and instead saw '=='  eqeqeq
  Line 77:66:  Expected '===' and instead saw '=='  eqeqeq

src/components/ExportData.tsx
  Line 21:6:    React Hook useEffect has a missing dependency: 'availableColumns'. Either include it or remove the dependency array  react-hooks/exhaustive-deps
  Line 294:15:  'amountReceived' is assigned a value but never used                                                                  @typescript-eslint/no-unused-vars

src/components/GoogleSheetsIntegration.tsx
  Line 6:10:   'sheetsUrl' is assigned a value but never used   @typescript-eslint/no-unused-vars
  Line 80:11:  'encodedCsv' is assigned a value but never used  @typescript-eslint/no-unused-vars

src/components/LivePassengerList.tsx
  Line 33:10:  'deleteLoading' is assigned a value but never used                                                               @typescript-eslint/no-unused-vars
  Line 33:25:  'setDeleteLoading' is assigned a value but never used                                                            @typescript-eslint/no-unused-vars
  Line 52:6:   React Hook useEffect has a missing dependency: 'applyFilters'. Either include it or remove the dependency array  react-hooks/exhaustive-deps

src/components/PassengerList.tsx
  Line 37:10:  'pickupPoints' is assigned a value but never used  @typescript-eslint/no-unused-vars

src/components/SeatAllocation.tsx
  Line 48:10:  'journeys' is assigned a value but never used                                                                 @typescript-eslint/no-unused-vars
  Line 57:6:   React Hook useEffect has a missing dependency: 'fetchData'. Either include it or remove the dependency array  react-hooks/exhaustive-deps

Search for the keywords to learn more about each warning.
To ignore, add // eslint-disable-next-line to the line before.

WARNING in [eslint] 
src/components/BookingForm.tsx
  Line 131:6:  React Hook useEffect has a missing dependency: 'updatePricing'. Either include it or remove the dependency array  react-hooks/exhaustive-deps

src/components/BookingList.tsx
  Line 2:34:   'volunteerAPI' is defined but never used  @typescript-eslint/no-unused-vars
  Line 48:11:  'Volunteer' is defined but never used     @typescript-eslint/no-unused-vars

src/components/Dashboard.tsx
  Line 76:66:  Expected '===' and instead saw '=='  eqeqeq
  Line 77:66:  Expected '===' and instead saw '=='  eqeqeq

src/components/ExportData.tsx
  Line 21:6:    React Hook useEffect has a missing dependency: 'availableColumns'. Either include it or remove the dependency array  react-hooks/exhaustive-deps
  Line 294:15:  'amountReceived' is assigned a value but never used                                                                  @typescript-eslint/no-unused-vars

src/components/GoogleSheetsIntegration.tsx
  Line 6:10:   'sheetsUrl' is assigned a value but never used   @typescript-eslint/no-unused-vars
  Line 80:11:  'encodedCsv' is assigned a value but never used  @typescript-eslint/no-unused-vars

src/components/LivePassengerList.tsx
  Line 33:10:  'deleteLoading' is assigned a value but never used                                                               @typescript-eslint/no-unused-vars
  Line 33:25:  'setDeleteLoading' is assigned a value but never used                                                            @typescript-eslint/no-unused-vars
  Line 52:6:   React Hook useEffect has a missing dependency: 'applyFilters'. Either include it or remove the dependency array  react-hooks/exhaustive-deps

src/components/PassengerList.tsx
  Line 37:10:  'pickupPoints' is assigned a value but never used  @typescript-eslint/no-unused-vars

src/components/SeatAllocation.tsx
  Line 48:10:  'journeys' is assigned a value but never used                                                                 @typescript-eslint/no-unused-vars
  Line 57:6:   React Hook useEffect has a missing dependency: 'fetchData'. Either include it or remove the dependency array  react-hooks/exhaustive-deps

webpack compiled with 1 warning
No issues found.
Compiling...
Compiled with warnings.

[eslint] 
src/components/BookingForm.tsx
  Line 131:6:  React Hook useEffect has a missing dependency: 'updatePricing'. Either include it or remove the dependency array  react-hooks/exhaustive-deps

src/components/BookingList.tsx
  Line 2:34:   'volunteerAPI' is defined but never used  @typescript-eslint/no-unused-vars
  Line 48:11:  'Volunteer' is defined but never used     @typescript-eslint/no-unused-vars

src/components/Dashboard.tsx
  Line 76:66:  Expected '===' and instead saw '=='  eqeqeq
  Line 77:66:  Expected '===' and instead saw '=='  eqeqeq

src/components/ExportData.tsx
  Line 21:6:    React Hook useEffect has a missing dependency: 'availableColumns'. Either include it or remove the dependency array  react-hooks/exhaustive-deps
  Line 294:15:  'amountReceived' is assigned a value but never used                                                                  @typescript-eslint/no-unused-vars

src/components/GoogleSheetsIntegration.tsx
  Line 6:10:   'sheetsUrl' is assigned a value but never used   @typescript-eslint/no-unused-vars
  Line 80:11:  'encodedCsv' is assigned a value but never used  @typescript-eslint/no-unused-vars

src/components/LivePassengerList.tsx
  Line 33:10:  'deleteLoading' is assigned a value but never used                                                               @typescript-eslint/no-unused-vars
  Line 33:25:  'setDeleteLoading' is assigned a value but never used                                                            @typescript-eslint/no-unused-vars
  Line 52:6:   React Hook useEffect has a missing dependency: 'applyFilters'. Either include it or remove the dependency array  react-hooks/exhaustive-deps

src/components/PassengerList.tsx
  Line 37:10:  'pickupPoints' is assigned a value but never used  @typescript-eslint/no-unused-vars

src/components/SeatAllocation.tsx
  Line 48:10:  'journeys' is assigned a value but never used                                                                 @typescript-eslint/no-unused-vars
  Line 57:6:   React Hook useEffect has a missing dependency: 'fetchData'. Either include it or remove the dependency array  react-hooks/exhaustive-deps

Search for the keywords to learn more about each warning.
To ignore, add // eslint-disable-next-line to the line before.

WARNING in [eslint] 
src/components/BookingForm.tsx
  Line 131:6:  React Hook useEffect has a missing dependency: 'updatePricing'. Either include it or remove the dependency array  react-hooks/exhaustive-deps

src/components/BookingList.tsx
  Line 2:34:   'volunteerAPI' is defined but never used  @typescript-eslint/no-unused-vars
  Line 48:11:  'Volunteer' is defined but never used     @typescript-eslint/no-unused-vars

src/components/Dashboard.tsx
  Line 76:66:  Expected '===' and instead saw '=='  eqeqeq
  Line 77:66:  Expected '===' and instead saw '=='  eqeqeq

src/components/ExportData.tsx
  Line 21:6:    React Hook useEffect has a missing dependency: 'availableColumns'. Either include it or remove the dependency array  react-hooks/exhaustive-deps
  Line 294:15:  'amountReceived' is assigned a value but never used                                                                  @typescript-eslint/no-unused-vars

src/components/GoogleSheetsIntegration.tsx
  Line 6:10:   'sheetsUrl' is assigned a value but never used   @typescript-eslint/no-unused-vars
  Line 80:11:  'encodedCsv' is assigned a value but never used  @typescript-eslint/no-unused-vars

src/components/LivePassengerList.tsx
  Line 33:10:  'deleteLoading' is assigned a value but never used                                                               @typescript-eslint/no-unused-vars
  Line 33:25:  'setDeleteLoading' is assigned a value but never used                                                            @typescript-eslint/no-unused-vars
  Line 52:6:   React Hook useEffect has a missing dependency: 'applyFilters'. Either include it or remove the dependency array  react-hooks/exhaustive-deps

src/components/PassengerList.tsx
  Line 37:10:  'pickupPoints' is assigned a value but never used  @typescript-eslint/no-unused-vars

src/components/SeatAllocation.tsx
  Line 48:10:  'journeys' is assigned a value but never used                                                                 @typescript-eslint/no-unused-vars
  Line 57:6:   React Hook useEffect has a missing dependency: 'fetchData'. Either include it or remove the dependency array  react-hooks/exhaustive-deps

webpack compiled with 1 warning
No issues found.
Compiling...
Compiled with warnings.

[eslint] 
src/components/BookingForm.tsx
  Line 131:6:  React Hook useEffect has a missing dependency: 'updatePricing'. Either include it or remove the dependency array  react-hooks/exhaustive-deps

src/components/BookingList.tsx
  Line 2:34:   'volunteerAPI' is defined but never used  @typescript-eslint/no-unused-vars
  Line 48:11:  'Volunteer' is defined but never used     @typescript-eslint/no-unused-vars

src/components/Dashboard.tsx
  Line 76:66:  Expected '===' and instead saw '=='  eqeqeq
  Line 77:66:  Expected '===' and instead saw '=='  eqeqeq

src/components/ExportData.tsx
  Line 21:6:    React Hook useEffect has a missing dependency: 'availableColumns'. Either include it or remove the dependency array  react-hooks/exhaustive-deps
  Line 294:15:  'amountReceived' is assigned a value but never used                                                                  @typescript-eslint/no-unused-vars

src/components/GoogleSheetsIntegration.tsx
  Line 6:10:   'sheetsUrl' is assigned a value but never used   @typescript-eslint/no-unused-vars
  Line 80:11:  'encodedCsv' is assigned a value but never used  @typescript-eslint/no-unused-vars

src/components/LivePassengerList.tsx
  Line 33:10:  'deleteLoading' is assigned a value but never used                                                               @typescript-eslint/no-unused-vars
  Line 33:25:  'setDeleteLoading' is assigned a value but never used                                                            @typescript-eslint/no-unused-vars
  Line 52:6:   React Hook useEffect has a missing dependency: 'applyFilters'. Either include it or remove the dependency array  react-hooks/exhaustive-deps

src/components/PassengerList.tsx
  Line 37:10:  'pickupPoints' is assigned a value but never used  @typescript-eslint/no-unused-vars

src/components/SeatAllocation.tsx
  Line 48:10:  'journeys' is assigned a value but never used                                                                 @typescript-eslint/no-unused-vars
  Line 57:6:   React Hook useEffect has a missing dependency: 'fetchData'. Either include it or remove the dependency array  react-hooks/exhaustive-deps

Search for the keywords to learn more about each warning.
To ignore, add // eslint-disable-next-line to the line before.

WARNING in [eslint] 
src/components/BookingForm.tsx
  Line 131:6:  React Hook useEffect has a missing dependency: 'updatePricing'. Either include it or remove the dependency array  react-hooks/exhaustive-deps

src/components/BookingList.tsx
  Line 2:34:   'volunteerAPI' is defined but never used  @typescript-eslint/no-unused-vars
  Line 48:11:  'Volunteer' is defined but never used     @typescript-eslint/no-unused-vars

src/components/Dashboard.tsx
  Line 76:66:  Expected '===' and instead saw '=='  eqeqeq
  Line 77:66:  Expected '===' and instead saw '=='  eqeqeq

src/components/ExportData.tsx
  Line 21:6:    React Hook useEffect has a missing dependency: 'availableColumns'. Either include it or remove the dependency array  react-hooks/exhaustive-deps
  Line 294:15:  'amountReceived' is assigned a value but never used                                                                  @typescript-eslint/no-unused-vars

src/components/GoogleSheetsIntegration.tsx
  Line 6:10:   'sheetsUrl' is assigned a value but never used   @typescript-eslint/no-unused-vars
  Line 80:11:  'encodedCsv' is assigned a value but never used  @typescript-eslint/no-unused-vars

src/components/LivePassengerList.tsx
  Line 33:10:  'deleteLoading' is assigned a value but never used                                                               @typescript-eslint/no-unused-vars
  Line 33:25:  'setDeleteLoading' is assigned a value but never used                                                            @typescript-eslint/no-unused-vars
  Line 52:6:   React Hook useEffect has a missing dependency: 'applyFilters'. Either include it or remove the dependency array  react-hooks/exhaustive-deps

src/components/PassengerList.tsx
  Line 37:10:  'pickupPoints' is assigned a value but never used  @typescript-eslint/no-unused-vars

src/components/SeatAllocation.tsx
  Line 48:10:  'journeys' is assigned a value but never used                                                                 @typescript-eslint/no-unused-vars
  Line 57:6:   React Hook useEffect has a missing dependency: 'fetchData'. Either include it or remove the dependency array  react-hooks/exhaustive-deps

webpack compiled with 1 warning
No issues found.
